Compiling the C compiler identification source file "CMakeCCompilerId.c" failed.
Compiler: /usr/bin/cc 
Build flags: 
Id flags:  

The output was:
1
/usr/bin/ld : échec de l'édition de liens finale : Opération non supportée
collect2: error: ld returned 1 exit status


Compiling the C compiler identification source file "CMakeCCompilerId.c" failed.
Compiler: /usr/bin/cc 
Build flags: 
Id flags: -c 

The output was:
1
/tmp/cc2P3joP.s: Messages de l'assembleur:
/tmp/cc2P3joP.s: Erreur fatale: impossible d'écrire 145 octets dans la section .text de CMakeCCompilerId.o: « Opération non supportée »
/tmp/cc2P3joP.s: Erreur fatale: ne peut fermer CMakeCCompilerId.o: Opération non supportée


Compiling the C compiler identification source file "CMakeCCompilerId.c" failed.
Compiler: /usr/bin/cc 
Build flags: 
Id flags: -Aa 

The output was:
1
<command-line>: error: missing '(' after predicate


Compiling the C compiler identification source file "CMakeCCompilerId.c" failed.
Compiler: /usr/bin/cc 
Build flags: 
Id flags: -D__CLASSIC_C__ 

The output was:
1
/usr/bin/ld : échec de l'édition de liens finale : Opération non supportée
collect2: error: ld returned 1 exit status


Compiling the C compiler identification source file "CMakeCCompilerId.c" failed.
Compiler: /usr/bin/cc 
Build flags: 
Id flags: --target=arm-arm-none-eabi;-mcpu=cortex-m3 

The output was:
1
cc: warning: ‘-mcpu=’ is deprecated; use ‘-mtune=’ or ‘-march=’ instead
cc: error: unrecognized command line option ‘--target=arm-arm-none-eabi’


Compiling the C compiler identification source file "CMakeCCompilerId.c" failed.
Compiler: /usr/bin/cc 
Build flags: 
Id flags:  

The output was:
1
/usr/bin/ld : échec de l'édition de liens finale : Opération non supportée
collect2: error: ld returned 1 exit status


Compiling the C compiler identification source file "CMakeCCompilerId.c" failed.
Compiler: /usr/bin/cc 
Build flags: 
Id flags: -c 

The output was:
1
/tmp/cc3nZuU1.s: Messages de l'assembleur:
/tmp/cc3nZuU1.s: Erreur fatale: impossible d'écrire 145 octets dans la section .text de CMakeCCompilerId.o: « Opération non supportée »
/tmp/cc3nZuU1.s: Erreur fatale: ne peut fermer CMakeCCompilerId.o: Opération non supportée


Compiling the C compiler identification source file "CMakeCCompilerId.c" failed.
Compiler: /usr/bin/cc 
Build flags: 
Id flags: -Aa 

The output was:
1
<command-line>: error: missing '(' after predicate


Compiling the C compiler identification source file "CMakeCCompilerId.c" failed.
Compiler: /usr/bin/cc 
Build flags: 
Id flags: -D__CLASSIC_C__ 

The output was:
1
/usr/bin/ld : échec de l'édition de liens finale : Opération non supportée
collect2: error: ld returned 1 exit status


Compiling the C compiler identification source file "CMakeCCompilerId.c" failed.
Compiler: /usr/bin/cc 
Build flags: 
Id flags: --target=arm-arm-none-eabi;-mcpu=cortex-m3 

The output was:
1
cc: warning: ‘-mcpu=’ is deprecated; use ‘-mtune=’ or ‘-march=’ instead
cc: error: unrecognized command line option ‘--target=arm-arm-none-eabi’


Checking whether the C compiler is IAR using "" did not match "IAR .+ Compiler":
cc: fatal error: no input files
compilation terminated.
Checking whether the C compiler is IAR using "" did not match "IAR .+ Compiler":
cc: fatal error: no input files
compilation terminated.
Compiling the CXX compiler identification source file "CMakeCXXCompilerId.cpp" failed.
Compiler: /usr/bin/c++ 
Build flags: 
Id flags:  

The output was:
1
/usr/bin/ld : échec de l'édition de liens finale : Opération non supportée
collect2: error: ld returned 1 exit status


Compiling the CXX compiler identification source file "CMakeCXXCompilerId.cpp" failed.
Compiler: /usr/bin/c++ 
Build flags: 
Id flags: -c 

The output was:
1
/tmp/ccLFXIYA.s: Messages de l'assembleur:
/tmp/ccLFXIYA.s: Erreur fatale: impossible d'écrire 121 octets dans la section .text de CMakeCXXCompilerId.o: « Opération non supportée »
/tmp/ccLFXIYA.s: Erreur fatale: ne peut fermer CMakeCXXCompilerId.o: Opération non supportée


Compiling the CXX compiler identification source file "CMakeCXXCompilerId.cpp" failed.
Compiler: /usr/bin/c++ 
Build flags: 
Id flags: --c++ 

The output was:
1
c++: error: unrecognized command line option ‘--c++’


Compiling the CXX compiler identification source file "CMakeCXXCompilerId.cpp" failed.
Compiler: /usr/bin/c++ 
Build flags: 
Id flags: --ec++ 

The output was:
1
c++: error: unrecognized command line option ‘--ec++’; did you mean ‘-Weffc++’?


Compiling the CXX compiler identification source file "CMakeCXXCompilerId.cpp" failed.
Compiler: /usr/bin/c++ 
Build flags: 
Id flags: --target=arm-arm-none-eabi;-mcpu=cortex-m3 

The output was:
1
c++: warning: ‘-mcpu=’ is deprecated; use ‘-mtune=’ or ‘-march=’ instead
c++: error: unrecognized command line option ‘--target=arm-arm-none-eabi’


Compiling the CXX compiler identification source file "CMakeCXXCompilerId.cpp" failed.
Compiler: /usr/bin/c++ 
Build flags: 
Id flags:  

The output was:
1
/usr/bin/ld : échec de l'édition de liens finale : Opération non supportée
collect2: error: ld returned 1 exit status


Compiling the CXX compiler identification source file "CMakeCXXCompilerId.cpp" failed.
Compiler: /usr/bin/c++ 
Build flags: 
Id flags: -c 

The output was:
1
/tmp/ccoZhNuI.s: Messages de l'assembleur:
/tmp/ccoZhNuI.s: Erreur fatale: impossible d'écrire 121 octets dans la section .text de CMakeCXXCompilerId.o: « Opération non supportée »
/tmp/ccoZhNuI.s: Erreur fatale: ne peut fermer CMakeCXXCompilerId.o: Opération non supportée


Compiling the CXX compiler identification source file "CMakeCXXCompilerId.cpp" failed.
Compiler: /usr/bin/c++ 
Build flags: 
Id flags: --c++ 

The output was:
1
c++: error: unrecognized command line option ‘--c++’


Compiling the CXX compiler identification source file "CMakeCXXCompilerId.cpp" failed.
Compiler: /usr/bin/c++ 
Build flags: 
Id flags: --ec++ 

The output was:
1
c++: error: unrecognized command line option ‘--ec++’; did you mean ‘-Weffc++’?


Compiling the CXX compiler identification source file "CMakeCXXCompilerId.cpp" failed.
Compiler: /usr/bin/c++ 
Build flags: 
Id flags: --target=arm-arm-none-eabi;-mcpu=cortex-m3 

The output was:
1
c++: warning: ‘-mcpu=’ is deprecated; use ‘-mtune=’ or ‘-march=’ instead
c++: error: unrecognized command line option ‘--target=arm-arm-none-eabi’


Checking whether the CXX compiler is IAR using "" did not match "IAR .+ Compiler":
c++: fatal error: no input files
compilation terminated.
Checking whether the CXX compiler is IAR using "" did not match "IAR .+ Compiler":
c++: fatal error: no input files
compilation terminated.
Determining if the C compiler works failed with the following output:
Change Dir: /run/user/1000/gvfs/sftp:host=192.168.80.64,user=o2163233/home/PG2020/o2163233/TD/cmake-build-debug/CMakeFiles/CMakeTmp

Run Build Command(s):/usr/bin/make cmTC_8e6c6/fast && /usr/bin/make -f CMakeFiles/cmTC_8e6c6.dir/build.make CMakeFiles/cmTC_8e6c6.dir/build
make[1] : on entre dans le répertoire « /run/user/1000/gvfs/sftp:host=192.168.80.64,user=o2163233/home/PG2020/o2163233/TD/cmake-build-debug/CMakeFiles/CMakeTmp »
Building C object CMakeFiles/cmTC_8e6c6.dir/testCCompiler.c.o
/usr/bin/cc    -o CMakeFiles/cmTC_8e6c6.dir/testCCompiler.c.o   -c /run/user/1000/gvfs/sftp:host=192.168.80.64,user=o2163233/home/PG2020/o2163233/TD/cmake-build-debug/CMakeFiles/CMakeTmp/testCCompiler.c
/tmp/ccpz3Ft3.s: Messages de l'assembleur:
/tmp/ccpz3Ft3.s: Erreur fatale: impossible d'écrire 23 octets dans la section .text de CMakeFiles/cmTC_8e6c6.dir/testCCompiler.c.o: « Opération non supportée »
/tmp/ccpz3Ft3.s: Erreur fatale: ne peut fermer CMakeFiles/cmTC_8e6c6.dir/testCCompiler.c.o: Opération non supportée
make[1]: *** [CMakeFiles/cmTC_8e6c6.dir/build.make:66: CMakeFiles/cmTC_8e6c6.dir/testCCompiler.c.o] Error 1
make[1] : on quitte le répertoire « /run/user/1000/gvfs/sftp:host=192.168.80.64,user=o2163233/home/PG2020/o2163233/TD/cmake-build-debug/CMakeFiles/CMakeTmp »
make: *** [Makefile:121: cmTC_8e6c6/fast] Error 2



Compiling the C compiler identification source file "CMakeCCompilerId.c" failed.
Compiler: /usr/bin/cc 
Build flags: 
Id flags:  

The output was:
1
/usr/bin/ld : échec de l'édition de liens finale : Opération non supportée
collect2: error: ld returned 1 exit status


Compiling the C compiler identification source file "CMakeCCompilerId.c" failed.
Compiler: /usr/bin/cc 
Build flags: 
Id flags: -c 

The output was:
1
/tmp/cciwJTLC.s: Messages de l'assembleur:
/tmp/cciwJTLC.s: Erreur fatale: impossible d'écrire 145 octets dans la section .text de CMakeCCompilerId.o: « Opération non supportée »
/tmp/cciwJTLC.s: Erreur fatale: ne peut fermer CMakeCCompilerId.o: Opération non supportée


Compiling the C compiler identification source file "CMakeCCompilerId.c" failed.
Compiler: /usr/bin/cc 
Build flags: 
Id flags: -Aa 

The output was:
1
<command-line>: error: missing '(' after predicate


Compiling the C compiler identification source file "CMakeCCompilerId.c" failed.
Compiler: /usr/bin/cc 
Build flags: 
Id flags: -D__CLASSIC_C__ 

The output was:
1
/usr/bin/ld : échec de l'édition de liens finale : Opération non supportée
collect2: error: ld returned 1 exit status


Compiling the C compiler identification source file "CMakeCCompilerId.c" failed.
Compiler: /usr/bin/cc 
Build flags: 
Id flags: --target=arm-arm-none-eabi;-mcpu=cortex-m3 

The output was:
1
cc: warning: ‘-mcpu=’ is deprecated; use ‘-mtune=’ or ‘-march=’ instead
cc: error: unrecognized command line option ‘--target=arm-arm-none-eabi’


Compiling the C compiler identification source file "CMakeCCompilerId.c" failed.
Compiler: /usr/bin/cc 
Build flags: 
Id flags:  

The output was:
1
/usr/bin/ld : échec de l'édition de liens finale : Opération non supportée
collect2: error: ld returned 1 exit status


Compiling the C compiler identification source file "CMakeCCompilerId.c" failed.
Compiler: /usr/bin/cc 
Build flags: 
Id flags: -c 

The output was:
1
/tmp/ccZ2IzON.s: Messages de l'assembleur:
/tmp/ccZ2IzON.s: Erreur fatale: impossible d'écrire 145 octets dans la section .text de CMakeCCompilerId.o: « Opération non supportée »
/tmp/ccZ2IzON.s: Erreur fatale: ne peut fermer CMakeCCompilerId.o: Opération non supportée


Compiling the C compiler identification source file "CMakeCCompilerId.c" failed.
Compiler: /usr/bin/cc 
Build flags: 
Id flags: -Aa 

The output was:
1
<command-line>: error: missing '(' after predicate


Compiling the C compiler identification source file "CMakeCCompilerId.c" failed.
Compiler: /usr/bin/cc 
Build flags: 
Id flags: -D__CLASSIC_C__ 

The output was:
1
/usr/bin/ld : échec de l'édition de liens finale : Opération non supportée
collect2: error: ld returned 1 exit status


Compiling the C compiler identification source file "CMakeCCompilerId.c" failed.
Compiler: /usr/bin/cc 
Build flags: 
Id flags: --target=arm-arm-none-eabi;-mcpu=cortex-m3 

The output was:
1
cc: warning: ‘-mcpu=’ is deprecated; use ‘-mtune=’ or ‘-march=’ instead
cc: error: unrecognized command line option ‘--target=arm-arm-none-eabi’


Checking whether the C compiler is IAR using "" did not match "IAR .+ Compiler":
cc: fatal error: no input files
compilation terminated.
Checking whether the C compiler is IAR using "" did not match "IAR .+ Compiler":
cc: fatal error: no input files
compilation terminated.
Compiling the CXX compiler identification source file "CMakeCXXCompilerId.cpp" failed.
Compiler: /usr/bin/c++ 
Build flags: 
Id flags:  

The output was:
1
/usr/bin/ld : échec de l'édition de liens finale : Opération non supportée
collect2: error: ld returned 1 exit status


Compiling the CXX compiler identification source file "CMakeCXXCompilerId.cpp" failed.
Compiler: /usr/bin/c++ 
Build flags: 
Id flags: -c 

The output was:
1
/tmp/ccLdB9Za.s: Messages de l'assembleur:
/tmp/ccLdB9Za.s: Erreur fatale: impossible d'écrire 121 octets dans la section .text de CMakeCXXCompilerId.o: « Opération non supportée »
/tmp/ccLdB9Za.s: Erreur fatale: ne peut fermer CMakeCXXCompilerId.o: Opération non supportée


Compiling the CXX compiler identification source file "CMakeCXXCompilerId.cpp" failed.
Compiler: /usr/bin/c++ 
Build flags: 
Id flags: --c++ 

The output was:
1
c++: error: unrecognized command line option ‘--c++’


Compiling the CXX compiler identification source file "CMakeCXXCompilerId.cpp" failed.
Compiler: /usr/bin/c++ 
Build flags: 
Id flags: --ec++ 

The output was:
1
c++: error: unrecognized command line option ‘--ec++’; did you mean ‘-Weffc++’?


Compiling the CXX compiler identification source file "CMakeCXXCompilerId.cpp" failed.
Compiler: /usr/bin/c++ 
Build flags: 
Id flags: --target=arm-arm-none-eabi;-mcpu=cortex-m3 

The output was:
1
c++: warning: ‘-mcpu=’ is deprecated; use ‘-mtune=’ or ‘-march=’ instead
c++: error: unrecognized command line option ‘--target=arm-arm-none-eabi’


Compiling the CXX compiler identification source file "CMakeCXXCompilerId.cpp" failed.
Compiler: /usr/bin/c++ 
Build flags: 
Id flags:  

The output was:
1
/usr/bin/ld : échec de l'édition de liens finale : Opération non supportée
collect2: error: ld returned 1 exit status


Compiling the CXX compiler identification source file "CMakeCXXCompilerId.cpp" failed.
Compiler: /usr/bin/c++ 
Build flags: 
Id flags: -c 

The output was:
1
/tmp/ccqYjAe0.s: Messages de l'assembleur:
/tmp/ccqYjAe0.s: Erreur fatale: impossible d'écrire 121 octets dans la section .text de CMakeCXXCompilerId.o: « Opération non supportée »
/tmp/ccqYjAe0.s: Erreur fatale: ne peut fermer CMakeCXXCompilerId.o: Opération non supportée


Compiling the CXX compiler identification source file "CMakeCXXCompilerId.cpp" failed.
Compiler: /usr/bin/c++ 
Build flags: 
Id flags: --c++ 

The output was:
1
c++: error: unrecognized command line option ‘--c++’


Compiling the CXX compiler identification source file "CMakeCXXCompilerId.cpp" failed.
Compiler: /usr/bin/c++ 
Build flags: 
Id flags: --ec++ 

The output was:
1
c++: error: unrecognized command line option ‘--ec++’; did you mean ‘-Weffc++’?


Compiling the CXX compiler identification source file "CMakeCXXCompilerId.cpp" failed.
Compiler: /usr/bin/c++ 
Build flags: 
Id flags: --target=arm-arm-none-eabi;-mcpu=cortex-m3 

The output was:
1
c++: warning: ‘-mcpu=’ is deprecated; use ‘-mtune=’ or ‘-march=’ instead
c++: error: unrecognized command line option ‘--target=arm-arm-none-eabi’


Checking whether the CXX compiler is IAR using "" did not match "IAR .+ Compiler":
c++: fatal error: no input files
compilation terminated.
Checking whether the CXX compiler is IAR using "" did not match "IAR .+ Compiler":
c++: fatal error: no input files
compilation terminated.
Determining if the C compiler works failed with the following output:
Change Dir: /run/user/1000/gvfs/sftp:host=192.168.80.64,user=o2163233/home/PG2020/o2163233/TD/cmake-build-debug/CMakeFiles/CMakeTmp

Run Build Command(s):/usr/bin/make cmTC_0b203/fast && /usr/bin/make -f CMakeFiles/cmTC_0b203.dir/build.make CMakeFiles/cmTC_0b203.dir/build
make[1] : on entre dans le répertoire « /run/user/1000/gvfs/sftp:host=192.168.80.64,user=o2163233/home/PG2020/o2163233/TD/cmake-build-debug/CMakeFiles/CMakeTmp »
Building C object CMakeFiles/cmTC_0b203.dir/testCCompiler.c.o
/usr/bin/cc    -o CMakeFiles/cmTC_0b203.dir/testCCompiler.c.o   -c /run/user/1000/gvfs/sftp:host=192.168.80.64,user=o2163233/home/PG2020/o2163233/TD/cmake-build-debug/CMakeFiles/CMakeTmp/testCCompiler.c
/tmp/ccomEQs3.s: Messages de l'assembleur:
/tmp/ccomEQs3.s: Erreur fatale: impossible d'écrire 23 octets dans la section .text de CMakeFiles/cmTC_0b203.dir/testCCompiler.c.o: « Opération non supportée »
/tmp/ccomEQs3.s: Erreur fatale: ne peut fermer CMakeFiles/cmTC_0b203.dir/testCCompiler.c.o: Opération non supportée
make[1]: *** [CMakeFiles/cmTC_0b203.dir/build.make:66: CMakeFiles/cmTC_0b203.dir/testCCompiler.c.o] Error 1
make[1] : on quitte le répertoire « /run/user/1000/gvfs/sftp:host=192.168.80.64,user=o2163233/home/PG2020/o2163233/TD/cmake-build-debug/CMakeFiles/CMakeTmp »
make: *** [Makefile:121: cmTC_0b203/fast] Error 2



Compiling the C compiler identification source file "CMakeCCompilerId.c" failed.
Compiler: /usr/bin/cc 
Build flags: 
Id flags:  

The output was:
1
/usr/bin/ld : échec de l'édition de liens finale : Opération non supportée
collect2: error: ld returned 1 exit status


Compiling the C compiler identification source file "CMakeCCompilerId.c" failed.
Compiler: /usr/bin/cc 
Build flags: 
Id flags: -c 

The output was:
1
/tmp/ccIX0nMZ.s: Messages de l'assembleur:
/tmp/ccIX0nMZ.s: Erreur fatale: impossible d'écrire 145 octets dans la section .text de CMakeCCompilerId.o: « Opération non supportée »
/tmp/ccIX0nMZ.s: Erreur fatale: ne peut fermer CMakeCCompilerId.o: Opération non supportée


Compiling the C compiler identification source file "CMakeCCompilerId.c" failed.
Compiler: /usr/bin/cc 
Build flags: 
Id flags: -Aa 

The output was:
1
<command-line>: error: missing '(' after predicate


Compiling the C compiler identification source file "CMakeCCompilerId.c" failed.
Compiler: /usr/bin/cc 
Build flags: 
Id flags: -D__CLASSIC_C__ 

The output was:
1
/usr/bin/ld : échec de l'édition de liens finale : Opération non supportée
collect2: error: ld returned 1 exit status


Compiling the C compiler identification source file "CMakeCCompilerId.c" failed.
Compiler: /usr/bin/cc 
Build flags: 
Id flags: --target=arm-arm-none-eabi;-mcpu=cortex-m3 

The output was:
1
cc: warning: ‘-mcpu=’ is deprecated; use ‘-mtune=’ or ‘-march=’ instead
cc: error: unrecognized command line option ‘--target=arm-arm-none-eabi’


Compiling the C compiler identification source file "CMakeCCompilerId.c" failed.
Compiler: /usr/bin/cc 
Build flags: 
Id flags:  

The output was:
1
/usr/bin/ld : échec de l'édition de liens finale : Opération non supportée
collect2: error: ld returned 1 exit status


Compiling the C compiler identification source file "CMakeCCompilerId.c" failed.
Compiler: /usr/bin/cc 
Build flags: 
Id flags: -c 

The output was:
1
/tmp/ccN9mnqc.s: Messages de l'assembleur:
/tmp/ccN9mnqc.s: Erreur fatale: impossible d'écrire 145 octets dans la section .text de CMakeCCompilerId.o: « Opération non supportée »
/tmp/ccN9mnqc.s: Erreur fatale: ne peut fermer CMakeCCompilerId.o: Opération non supportée


Compiling the C compiler identification source file "CMakeCCompilerId.c" failed.
Compiler: /usr/bin/cc 
Build flags: 
Id flags: -Aa 

The output was:
1
<command-line>: error: missing '(' after predicate


Compiling the C compiler identification source file "CMakeCCompilerId.c" failed.
Compiler: /usr/bin/cc 
Build flags: 
Id flags: -D__CLASSIC_C__ 

The output was:
1
/usr/bin/ld : échec de l'édition de liens finale : Opération non supportée
collect2: error: ld returned 1 exit status


Compiling the C compiler identification source file "CMakeCCompilerId.c" failed.
Compiler: /usr/bin/cc 
Build flags: 
Id flags: --target=arm-arm-none-eabi;-mcpu=cortex-m3 

The output was:
1
cc: warning: ‘-mcpu=’ is deprecated; use ‘-mtune=’ or ‘-march=’ instead
cc: error: unrecognized command line option ‘--target=arm-arm-none-eabi’


Checking whether the C compiler is IAR using "" did not match "IAR .+ Compiler":
cc: fatal error: no input files
compilation terminated.
Checking whether the C compiler is IAR using "" did not match "IAR .+ Compiler":
cc: fatal error: no input files
compilation terminated.
Compiling the CXX compiler identification source file "CMakeCXXCompilerId.cpp" failed.
Compiler: /usr/bin/c++ 
Build flags: 
Id flags:  

The output was:
1
/usr/bin/ld : échec de l'édition de liens finale : Opération non supportée
collect2: error: ld returned 1 exit status


Compiling the CXX compiler identification source file "CMakeCXXCompilerId.cpp" failed.
Compiler: /usr/bin/c++ 
Build flags: 
Id flags: -c 

The output was:
1
/tmp/ccBqvy8z.s: Messages de l'assembleur:
/tmp/ccBqvy8z.s: Erreur fatale: impossible d'écrire 121 octets dans la section .text de CMakeCXXCompilerId.o: « Opération non supportée »
/tmp/ccBqvy8z.s: Erreur fatale: ne peut fermer CMakeCXXCompilerId.o: Opération non supportée


Compiling the CXX compiler identification source file "CMakeCXXCompilerId.cpp" failed.
Compiler: /usr/bin/c++ 
Build flags: 
Id flags: --c++ 

The output was:
1
c++: error: unrecognized command line option ‘--c++’


Compiling the CXX compiler identification source file "CMakeCXXCompilerId.cpp" failed.
Compiler: /usr/bin/c++ 
Build flags: 
Id flags: --ec++ 

The output was:
1
c++: error: unrecognized command line option ‘--ec++’; did you mean ‘-Weffc++’?


Compiling the CXX compiler identification source file "CMakeCXXCompilerId.cpp" failed.
Compiler: /usr/bin/c++ 
Build flags: 
Id flags: --target=arm-arm-none-eabi;-mcpu=cortex-m3 

The output was:
1
c++: warning: ‘-mcpu=’ is deprecated; use ‘-mtune=’ or ‘-march=’ instead
c++: error: unrecognized command line option ‘--target=arm-arm-none-eabi’


Compiling the CXX compiler identification source file "CMakeCXXCompilerId.cpp" failed.
Compiler: /usr/bin/c++ 
Build flags: 
Id flags:  

The output was:
1
/usr/bin/ld : échec de l'édition de liens finale : Opération non supportée
collect2: error: ld returned 1 exit status


Compiling the CXX compiler identification source file "CMakeCXXCompilerId.cpp" failed.
Compiler: /usr/bin/c++ 
Build flags: 
Id flags: -c 

The output was:
1
/tmp/ccEGTlao.s: Messages de l'assembleur:
/tmp/ccEGTlao.s: Erreur fatale: impossible d'écrire 121 octets dans la section .text de CMakeCXXCompilerId.o: « Opération non supportée »
/tmp/ccEGTlao.s: Erreur fatale: ne peut fermer CMakeCXXCompilerId.o: Opération non supportée


Compiling the CXX compiler identification source file "CMakeCXXCompilerId.cpp" failed.
Compiler: /usr/bin/c++ 
Build flags: 
Id flags: --c++ 

The output was:
1
c++: error: unrecognized command line option ‘--c++’


Compiling the CXX compiler identification source file "CMakeCXXCompilerId.cpp" failed.
Compiler: /usr/bin/c++ 
Build flags: 
Id flags: --ec++ 

The output was:
1
c++: error: unrecognized command line option ‘--ec++’; did you mean ‘-Weffc++’?


Compiling the CXX compiler identification source file "CMakeCXXCompilerId.cpp" failed.
Compiler: /usr/bin/c++ 
Build flags: 
Id flags: --target=arm-arm-none-eabi;-mcpu=cortex-m3 

The output was:
1
c++: warning: ‘-mcpu=’ is deprecated; use ‘-mtune=’ or ‘-march=’ instead
c++: error: unrecognized command line option ‘--target=arm-arm-none-eabi’


Checking whether the CXX compiler is IAR using "" did not match "IAR .+ Compiler":
c++: fatal error: no input files
compilation terminated.
Checking whether the CXX compiler is IAR using "" did not match "IAR .+ Compiler":
c++: fatal error: no input files
compilation terminated.
Determining if the C compiler works failed with the following output:
Change Dir: /run/user/1000/gvfs/sftp:host=192.168.80.64,user=o2163233/home/PG2020/o2163233/TD/cmake-build-debug/CMakeFiles/CMakeTmp

Run Build Command(s):/usr/bin/make cmTC_7390e/fast && /usr/bin/make -f CMakeFiles/cmTC_7390e.dir/build.make CMakeFiles/cmTC_7390e.dir/build
make[1] : on entre dans le répertoire « /run/user/1000/gvfs/sftp:host=192.168.80.64,user=o2163233/home/PG2020/o2163233/TD/cmake-build-debug/CMakeFiles/CMakeTmp »
Building C object CMakeFiles/cmTC_7390e.dir/testCCompiler.c.o
/usr/bin/cc    -o CMakeFiles/cmTC_7390e.dir/testCCompiler.c.o   -c /run/user/1000/gvfs/sftp:host=192.168.80.64,user=o2163233/home/PG2020/o2163233/TD/cmake-build-debug/CMakeFiles/CMakeTmp/testCCompiler.c
/tmp/cc8OYukt.s: Messages de l'assembleur:
/tmp/cc8OYukt.s: Erreur fatale: impossible d'écrire 23 octets dans la section .text de CMakeFiles/cmTC_7390e.dir/testCCompiler.c.o: « Opération non supportée »
/tmp/cc8OYukt.s: Erreur fatale: ne peut fermer CMakeFiles/cmTC_7390e.dir/testCCompiler.c.o: Opération non supportée
make[1]: *** [CMakeFiles/cmTC_7390e.dir/build.make:66: CMakeFiles/cmTC_7390e.dir/testCCompiler.c.o] Error 1
make[1] : on quitte le répertoire « /run/user/1000/gvfs/sftp:host=192.168.80.64,user=o2163233/home/PG2020/o2163233/TD/cmake-build-debug/CMakeFiles/CMakeTmp »
make: *** [Makefile:121: cmTC_7390e/fast] Error 2



Compiling the C compiler identification source file "CMakeCCompilerId.c" failed.
Compiler: /usr/bin/cc 
Build flags: 
Id flags:  

The output was:
1
/usr/bin/ld : échec de l'édition de liens finale : Opération non supportée
collect2: error: ld returned 1 exit status


Compiling the C compiler identification source file "CMakeCCompilerId.c" failed.
Compiler: /usr/bin/cc 
Build flags: 
Id flags: -c 

The output was:
1
/tmp/cce87UxP.s: Messages de l'assembleur:
/tmp/cce87UxP.s: Erreur fatale: impossible d'écrire 145 octets dans la section .text de CMakeCCompilerId.o: « Opération non supportée »
/tmp/cce87UxP.s: Erreur fatale: ne peut fermer CMakeCCompilerId.o: Opération non supportée


Compiling the C compiler identification source file "CMakeCCompilerId.c" failed.
Compiler: /usr/bin/cc 
Build flags: 
Id flags: -Aa 

The output was:
1
<command-line>: error: missing '(' after predicate


Compiling the C compiler identification source file "CMakeCCompilerId.c" failed.
Compiler: /usr/bin/cc 
Build flags: 
Id flags: -D__CLASSIC_C__ 

The output was:
1
/usr/bin/ld : échec de l'édition de liens finale : Opération non supportée
collect2: error: ld returned 1 exit status


Compiling the C compiler identification source file "CMakeCCompilerId.c" failed.
Compiler: /usr/bin/cc 
Build flags: 
Id flags: --target=arm-arm-none-eabi;-mcpu=cortex-m3 

The output was:
1
cc: warning: ‘-mcpu=’ is deprecated; use ‘-mtune=’ or ‘-march=’ instead
cc: error: unrecognized command line option ‘--target=arm-arm-none-eabi’


Compiling the C compiler identification source file "CMakeCCompilerId.c" failed.
Compiler: /usr/bin/cc 
Build flags: 
Id flags:  

The output was:
1
/usr/bin/ld : échec de l'édition de liens finale : Opération non supportée
collect2: error: ld returned 1 exit status


Compiling the C compiler identification source file "CMakeCCompilerId.c" failed.
Compiler: /usr/bin/cc 
Build flags: 
Id flags: -c 

The output was:
1
/tmp/cccx8sd4.s: Messages de l'assembleur:
/tmp/cccx8sd4.s: Erreur fatale: impossible d'écrire 145 octets dans la section .text de CMakeCCompilerId.o: « Opération non supportée »
/tmp/cccx8sd4.s: Erreur fatale: ne peut fermer CMakeCCompilerId.o: Opération non supportée


Compiling the C compiler identification source file "CMakeCCompilerId.c" failed.
Compiler: /usr/bin/cc 
Build flags: 
Id flags: -Aa 

The output was:
1
<command-line>: error: missing '(' after predicate


Compiling the C compiler identification source file "CMakeCCompilerId.c" failed.
Compiler: /usr/bin/cc 
Build flags: 
Id flags: -D__CLASSIC_C__ 

The output was:
1
/usr/bin/ld : échec de l'édition de liens finale : Opération non supportée
collect2: error: ld returned 1 exit status


Compiling the C compiler identification source file "CMakeCCompilerId.c" failed.
Compiler: /usr/bin/cc 
Build flags: 
Id flags: --target=arm-arm-none-eabi;-mcpu=cortex-m3 

The output was:
1
cc: warning: ‘-mcpu=’ is deprecated; use ‘-mtune=’ or ‘-march=’ instead
cc: error: unrecognized command line option ‘--target=arm-arm-none-eabi’


Checking whether the C compiler is IAR using "" did not match "IAR .+ Compiler":
cc: fatal error: no input files
compilation terminated.
Checking whether the C compiler is IAR using "" did not match "IAR .+ Compiler":
cc: fatal error: no input files
compilation terminated.
Compiling the CXX compiler identification source file "CMakeCXXCompilerId.cpp" failed.
Compiler: /usr/bin/c++ 
Build flags: 
Id flags:  

The output was:
1
/usr/bin/ld : échec de l'édition de liens finale : Opération non supportée
collect2: error: ld returned 1 exit status


Compiling the CXX compiler identification source file "CMakeCXXCompilerId.cpp" failed.
Compiler: /usr/bin/c++ 
Build flags: 
Id flags: -c 

The output was:
1
/tmp/ccEvRXHt.s: Messages de l'assembleur:
/tmp/ccEvRXHt.s: Erreur fatale: impossible d'écrire 121 octets dans la section .text de CMakeCXXCompilerId.o: « Opération non supportée »
/tmp/ccEvRXHt.s: Erreur fatale: ne peut fermer CMakeCXXCompilerId.o: Opération non supportée


Compiling the CXX compiler identification source file "CMakeCXXCompilerId.cpp" failed.
Compiler: /usr/bin/c++ 
Build flags: 
Id flags: --c++ 

The output was:
1
c++: error: unrecognized command line option ‘--c++’


Compiling the CXX compiler identification source file "CMakeCXXCompilerId.cpp" failed.
Compiler: /usr/bin/c++ 
Build flags: 
Id flags: --ec++ 

The output was:
1
c++: error: unrecognized command line option ‘--ec++’; did you mean ‘-Weffc++’?


Compiling the CXX compiler identification source file "CMakeCXXCompilerId.cpp" failed.
Compiler: /usr/bin/c++ 
Build flags: 
Id flags: --target=arm-arm-none-eabi;-mcpu=cortex-m3 

The output was:
1
c++: warning: ‘-mcpu=’ is deprecated; use ‘-mtune=’ or ‘-march=’ instead
c++: error: unrecognized command line option ‘--target=arm-arm-none-eabi’


Compiling the CXX compiler identification source file "CMakeCXXCompilerId.cpp" failed.
Compiler: /usr/bin/c++ 
Build flags: 
Id flags:  

The output was:
1
/usr/bin/ld : échec de l'édition de liens finale : Opération non supportée
collect2: error: ld returned 1 exit status


Compiling the CXX compiler identification source file "CMakeCXXCompilerId.cpp" failed.
Compiler: /usr/bin/c++ 
Build flags: 
Id flags: -c 

The output was:
1
/tmp/ccexwWrn.s: Messages de l'assembleur:
/tmp/ccexwWrn.s: Erreur fatale: impossible d'écrire 121 octets dans la section .text de CMakeCXXCompilerId.o: « Opération non supportée »
/tmp/ccexwWrn.s: Erreur fatale: ne peut fermer CMakeCXXCompilerId.o: Opération non supportée


Compiling the CXX compiler identification source file "CMakeCXXCompilerId.cpp" failed.
Compiler: /usr/bin/c++ 
Build flags: 
Id flags: --c++ 

The output was:
1
c++: error: unrecognized command line option ‘--c++’


Compiling the CXX compiler identification source file "CMakeCXXCompilerId.cpp" failed.
Compiler: /usr/bin/c++ 
Build flags: 
Id flags: --ec++ 

The output was:
1
c++: error: unrecognized command line option ‘--ec++’; did you mean ‘-Weffc++’?


Compiling the CXX compiler identification source file "CMakeCXXCompilerId.cpp" failed.
Compiler: /usr/bin/c++ 
Build flags: 
Id flags: --target=arm-arm-none-eabi;-mcpu=cortex-m3 

The output was:
1
c++: warning: ‘-mcpu=’ is deprecated; use ‘-mtune=’ or ‘-march=’ instead
c++: error: unrecognized command line option ‘--target=arm-arm-none-eabi’


Checking whether the CXX compiler is IAR using "" did not match "IAR .+ Compiler":
c++: fatal error: no input files
compilation terminated.
Checking whether the CXX compiler is IAR using "" did not match "IAR .+ Compiler":
c++: fatal error: no input files
compilation terminated.
Determining if the C compiler works failed with the following output:
Change Dir: /run/user/1000/gvfs/sftp:host=192.168.80.64,user=o2163233/home/PG2020/o2163233/TD/cmake-build-debug/CMakeFiles/CMakeTmp

Run Build Command(s):/usr/bin/make cmTC_d71e7/fast && /usr/bin/make -f CMakeFiles/cmTC_d71e7.dir/build.make CMakeFiles/cmTC_d71e7.dir/build
make[1] : on entre dans le répertoire « /run/user/1000/gvfs/sftp:host=192.168.80.64,user=o2163233/home/PG2020/o2163233/TD/cmake-build-debug/CMakeFiles/CMakeTmp »
Building C object CMakeFiles/cmTC_d71e7.dir/testCCompiler.c.o
/usr/bin/cc    -o CMakeFiles/cmTC_d71e7.dir/testCCompiler.c.o   -c /run/user/1000/gvfs/sftp:host=192.168.80.64,user=o2163233/home/PG2020/o2163233/TD/cmake-build-debug/CMakeFiles/CMakeTmp/testCCompiler.c
/tmp/ccVEwLOT.s: Messages de l'assembleur:
/tmp/ccVEwLOT.s: Erreur fatale: impossible d'écrire 23 octets dans la section .text de CMakeFiles/cmTC_d71e7.dir/testCCompiler.c.o: « Opération non supportée »
/tmp/ccVEwLOT.s: Erreur fatale: ne peut fermer CMakeFiles/cmTC_d71e7.dir/testCCompiler.c.o: Opération non supportée
make[1]: *** [CMakeFiles/cmTC_d71e7.dir/build.make:66: CMakeFiles/cmTC_d71e7.dir/testCCompiler.c.o] Error 1
make[1] : on quitte le répertoire « /run/user/1000/gvfs/sftp:host=192.168.80.64,user=o2163233/home/PG2020/o2163233/TD/cmake-build-debug/CMakeFiles/CMakeTmp »
make: *** [Makefile:121: cmTC_d71e7/fast] Error 2



Compiling the C compiler identification source file "CMakeCCompilerId.c" failed.
Compiler: /usr/bin/cc 
Build flags: 
Id flags:  

The output was:
1
/usr/bin/ld : échec de l'édition de liens finale : Opération non supportée
collect2: error: ld returned 1 exit status


Compiling the C compiler identification source file "CMakeCCompilerId.c" failed.
Compiler: /usr/bin/cc 
Build flags: 
Id flags: -c 

The output was:
1
/tmp/ccTyG9PN.s: Messages de l'assembleur:
/tmp/ccTyG9PN.s: Erreur fatale: impossible d'écrire 145 octets dans la section .text de CMakeCCompilerId.o: « Opération non supportée »
/tmp/ccTyG9PN.s: Erreur fatale: ne peut fermer CMakeCCompilerId.o: Opération non supportée


Compiling the C compiler identification source file "CMakeCCompilerId.c" failed.
Compiler: /usr/bin/cc 
Build flags: 
Id flags: -Aa 

The output was:
1
<command-line>: error: missing '(' after predicate


Compiling the C compiler identification source file "CMakeCCompilerId.c" failed.
Compiler: /usr/bin/cc 
Build flags: 
Id flags: -D__CLASSIC_C__ 

The output was:
1
/usr/bin/ld : échec de l'édition de liens finale : Opération non supportée
collect2: error: ld returned 1 exit status


Compiling the C compiler identification source file "CMakeCCompilerId.c" failed.
Compiler: /usr/bin/cc 
Build flags: 
Id flags: --target=arm-arm-none-eabi;-mcpu=cortex-m3 

The output was:
1
cc: warning: ‘-mcpu=’ is deprecated; use ‘-mtune=’ or ‘-march=’ instead
cc: error: unrecognized command line option ‘--target=arm-arm-none-eabi’


Compiling the C compiler identification source file "CMakeCCompilerId.c" failed.
Compiler: /usr/bin/cc 
Build flags: 
Id flags:  

The output was:
1
/usr/bin/ld : échec de l'édition de liens finale : Opération non supportée
collect2: error: ld returned 1 exit status


Compiling the C compiler identification source file "CMakeCCompilerId.c" failed.
Compiler: /usr/bin/cc 
Build flags: 
Id flags: -c 

The output was:
1
/tmp/ccfVuYl0.s: Messages de l'assembleur:
/tmp/ccfVuYl0.s: Erreur fatale: impossible d'écrire 145 octets dans la section .text de CMakeCCompilerId.o: « Opération non supportée »
/tmp/ccfVuYl0.s: Erreur fatale: ne peut fermer CMakeCCompilerId.o: Opération non supportée


Compiling the C compiler identification source file "CMakeCCompilerId.c" failed.
Compiler: /usr/bin/cc 
Build flags: 
Id flags: -Aa 

The output was:
1
<command-line>: error: missing '(' after predicate


Compiling the C compiler identification source file "CMakeCCompilerId.c" failed.
Compiler: /usr/bin/cc 
Build flags: 
Id flags: -D__CLASSIC_C__ 

The output was:
1
/usr/bin/ld : échec de l'édition de liens finale : Opération non supportée
collect2: error: ld returned 1 exit status


Compiling the C compiler identification source file "CMakeCCompilerId.c" failed.
Compiler: /usr/bin/cc 
Build flags: 
Id flags: --target=arm-arm-none-eabi;-mcpu=cortex-m3 

The output was:
1
cc: warning: ‘-mcpu=’ is deprecated; use ‘-mtune=’ or ‘-march=’ instead
cc: error: unrecognized command line option ‘--target=arm-arm-none-eabi’


Checking whether the C compiler is IAR using "" did not match "IAR .+ Compiler":
cc: fatal error: no input files
compilation terminated.
Checking whether the C compiler is IAR using "" did not match "IAR .+ Compiler":
cc: fatal error: no input files
compilation terminated.
Compiling the CXX compiler identification source file "CMakeCXXCompilerId.cpp" failed.
Compiler: /usr/bin/c++ 
Build flags: 
Id flags:  

The output was:
1
/usr/bin/ld : échec de l'édition de liens finale : Opération non supportée
collect2: error: ld returned 1 exit status


Compiling the CXX compiler identification source file "CMakeCXXCompilerId.cpp" failed.
Compiler: /usr/bin/c++ 
Build flags: 
Id flags: -c 

The output was:
1
/tmp/ccKFEpQL.s: Messages de l'assembleur:
/tmp/ccKFEpQL.s: Erreur fatale: impossible d'écrire 121 octets dans la section .text de CMakeCXXCompilerId.o: « Opération non supportée »
/tmp/ccKFEpQL.s: Erreur fatale: ne peut fermer CMakeCXXCompilerId.o: Opération non supportée


Compiling the CXX compiler identification source file "CMakeCXXCompilerId.cpp" failed.
Compiler: /usr/bin/c++ 
Build flags: 
Id flags: --c++ 

The output was:
1
c++: error: unrecognized command line option ‘--c++’


Compiling the CXX compiler identification source file "CMakeCXXCompilerId.cpp" failed.
Compiler: /usr/bin/c++ 
Build flags: 
Id flags: --ec++ 

The output was:
1
c++: error: unrecognized command line option ‘--ec++’; did you mean ‘-Weffc++’?


Compiling the CXX compiler identification source file "CMakeCXXCompilerId.cpp" failed.
Compiler: /usr/bin/c++ 
Build flags: 
Id flags: --target=arm-arm-none-eabi;-mcpu=cortex-m3 

The output was:
1
c++: warning: ‘-mcpu=’ is deprecated; use ‘-mtune=’ or ‘-march=’ instead
c++: error: unrecognized command line option ‘--target=arm-arm-none-eabi’


Compiling the CXX compiler identification source file "CMakeCXXCompilerId.cpp" failed.
Compiler: /usr/bin/c++ 
Build flags: 
Id flags:  

The output was:
1
/usr/bin/ld : échec de l'édition de liens finale : Opération non supportée
collect2: error: ld returned 1 exit status


Compiling the CXX compiler identification source file "CMakeCXXCompilerId.cpp" failed.
Compiler: /usr/bin/c++ 
Build flags: 
Id flags: -c 

The output was:
1
/tmp/ccjA62lC.s: Messages de l'assembleur:
/tmp/ccjA62lC.s: Erreur fatale: impossible d'écrire 121 octets dans la section .text de CMakeCXXCompilerId.o: « Opération non supportée »
/tmp/ccjA62lC.s: Erreur fatale: ne peut fermer CMakeCXXCompilerId.o: Opération non supportée


Compiling the CXX compiler identification source file "CMakeCXXCompilerId.cpp" failed.
Compiler: /usr/bin/c++ 
Build flags: 
Id flags: --c++ 

The output was:
1
c++: error: unrecognized command line option ‘--c++’


Compiling the CXX compiler identification source file "CMakeCXXCompilerId.cpp" failed.
Compiler: /usr/bin/c++ 
Build flags: 
Id flags: --ec++ 

The output was:
1
c++: error: unrecognized command line option ‘--ec++’; did you mean ‘-Weffc++’?


Compiling the CXX compiler identification source file "CMakeCXXCompilerId.cpp" failed.
Compiler: /usr/bin/c++ 
Build flags: 
Id flags: --target=arm-arm-none-eabi;-mcpu=cortex-m3 

The output was:
1
c++: warning: ‘-mcpu=’ is deprecated; use ‘-mtune=’ or ‘-march=’ instead
c++: error: unrecognized command line option ‘--target=arm-arm-none-eabi’


Checking whether the CXX compiler is IAR using "" did not match "IAR .+ Compiler":
c++: fatal error: no input files
compilation terminated.
Checking whether the CXX compiler is IAR using "" did not match "IAR .+ Compiler":
c++: fatal error: no input files
compilation terminated.
Determining if the C compiler works failed with the following output:
Change Dir: /run/user/1000/gvfs/sftp:host=192.168.80.64,user=o2163233/home/PG2020/o2163233/TD/cmake-build-debug/CMakeFiles/CMakeTmp

Run Build Command(s):/usr/bin/make cmTC_a5b11/fast && /usr/bin/make -f CMakeFiles/cmTC_a5b11.dir/build.make CMakeFiles/cmTC_a5b11.dir/build
make[1] : on entre dans le répertoire « /run/user/1000/gvfs/sftp:host=192.168.80.64,user=o2163233/home/PG2020/o2163233/TD/cmake-build-debug/CMakeFiles/CMakeTmp »
Building C object CMakeFiles/cmTC_a5b11.dir/testCCompiler.c.o
/usr/bin/cc    -o CMakeFiles/cmTC_a5b11.dir/testCCompiler.c.o   -c /run/user/1000/gvfs/sftp:host=192.168.80.64,user=o2163233/home/PG2020/o2163233/TD/cmake-build-debug/CMakeFiles/CMakeTmp/testCCompiler.c
/tmp/ccUhCHYs.s: Messages de l'assembleur:
/tmp/ccUhCHYs.s: Erreur fatale: impossible d'écrire 23 octets dans la section .text de CMakeFiles/cmTC_a5b11.dir/testCCompiler.c.o: « Opération non supportée »
/tmp/ccUhCHYs.s: Erreur fatale: ne peut fermer CMakeFiles/cmTC_a5b11.dir/testCCompiler.c.o: Opération non supportée
make[1]: *** [CMakeFiles/cmTC_a5b11.dir/build.make:66: CMakeFiles/cmTC_a5b11.dir/testCCompiler.c.o] Error 1
make[1] : on quitte le répertoire « /run/user/1000/gvfs/sftp:host=192.168.80.64,user=o2163233/home/PG2020/o2163233/TD/cmake-build-debug/CMakeFiles/CMakeTmp »
make: *** [Makefile:121: cmTC_a5b11/fast] Error 2



